<?xml version="1.0" encoding="UTF-8"?>
<testsuite xmlns:xsi="http://www.w3.org/2001/XMLSchema-instance" xsi:noNamespaceSchemaLocation="https://maven.apache.org/surefire/maven-surefire-plugin/xsd/surefire-test-report-3.0.xsd" version="3.0" name="com.example.CatTest" time="0.944" tests="4" errors="0" skipped="0" failures="0">
  <properties>
[...]
</properties>
  <testcase name="testGetFood2" classname="com.example.CatTest" time="0.191"/>
  <testcase name="testGetSound" classname="com.example.CatTest" time="0"/>
  <testcase name="testGetFood" classname="com.example.CatTest" time="0.039"/>
  <testcase name="testConstructor" classname="com.example.CatTest" time="0"/>
</testsuite>